Running: /usr/local/insa/Xilinx.ISE/13.4/ISE_DS/ISE/bin/lin64/unwrapped/fuse -intstyle ise -incremental -lib secureip -o /home/th_tran/4IR Projet SysInfo/Projet_System_Info/PartieVHDL/BdR_test_isim_beh.exe -prj /home/th_tran/4IR Projet SysInfo/Projet_System_Info/PartieVHDL/BdR_test_beh.prj work.BdR_test 
ISim O.87xd (signature 0x8ddf5b5d)
Number of CPUs detected in this system: 12
Turning on mult-threading, number of parallel sub-compilation jobs: 24 
Determining compilation order of HDL files
Parsing VHDL file "/home/th_tran/4IR Projet SysInfo/Projet_System_Info/PartieVHDL/BdR.vhd" into library work
Parsing VHDL file "/home/th_tran/4IR Projet SysInfo/Projet_System_Info/PartieVHDL/BdR_test.vhd" into library work
Starting static elaboration
Completed static elaboration
Fuse Memory Usage: 96784 KB
Fuse CPU Usage: 670 ms
Compiling package standard
Compiling package std_logic_1164
Compiling package numeric_std
Compiling package textio
Compiling package std_logic_textio
Compiling architecture behavioral of entity BdR [bdr_default]
Compiling architecture behavior of entity bdr_test
Time Resolution for simulation is 1ps.
Waiting for 1 sub-compilation(s) to finish...
Compiled 8 VHDL Units
Built simulation executable /home/th_tran/4IR Projet SysInfo/Projet_System_Info/PartieVHDL/BdR_test_isim_beh.exe
Fuse Memory Usage: 1721176 KB
Fuse CPU Usage: 750 ms
GCC CPU Usage: 1120 ms
